This is pdfTeX, Version 3.141592653-2.6-1.40.22 (TeX Live 2021) (preloaded format=pdflatex 2021.12.30)  1 FEB 2023 21:21
entering extended mode
 restricted \write18 enabled.
 %&-line parsing enabled.
**tabledoc.tex
(./tabledoc.tex
LaTeX2e <2020-10-01> patch level 4
L3 programming layer <2021-02-18>
(/usr/local/texlive/2021/texmf-dist/tex/latex/standalone/standalone.cls
Document Class: standalone 2018/03/26 v1.3a Class to compile TeX sub-files stan
dalone
(/usr/local/texlive/2021/texmf-dist/tex/latex/tools/shellesc.sty
Package: shellesc 2019/11/08 v1.0c unified shell escape interface for LaTeX
Package shellesc Info: Restricted shell escape enabled on input line 77.
)
(/usr/local/texlive/2021/texmf-dist/tex/generic/iftex/ifluatex.sty
Package: ifluatex 2019/10/25 v1.5 ifluatex legacy package. Use iftex instead.

(/usr/local/texlive/2021/texmf-dist/tex/generic/iftex/iftex.sty
Package: iftex 2020/03/06 v1.0d TeX engine tests
))
(/usr/local/texlive/2021/texmf-dist/tex/latex/xkeyval/xkeyval.sty
Package: xkeyval 2020/11/20 v2.8 package option processing (HA)

(/usr/local/texlive/2021/texmf-dist/tex/generic/xkeyval/xkeyval.tex
(/usr/local/texlive/2021/texmf-dist/tex/generic/xkeyval/xkvutils.tex
\XKV@toks=\toks15
\XKV@tempa@toks=\toks16

(/usr/local/texlive/2021/texmf-dist/tex/generic/xkeyval/keyval.tex))
\XKV@depth=\count179
File: xkeyval.tex 2014/12/03 v2.7a key=value parser (HA)
))
\sa@internal=\count180
\c@sapage=\count181

(/usr/local/texlive/2021/texmf-dist/tex/latex/standalone/standalone.cfg
File: standalone.cfg 2018/03/26 v1.3a Default configuration file for 'standalon
e' class
)
(/usr/local/texlive/2021/texmf-dist/tex/latex/base/article.cls
Document Class: article 2020/04/10 v1.4m Standard LaTeX document class
(/usr/local/texlive/2021/texmf-dist/tex/latex/base/size10.clo
File: size10.clo 2020/04/10 v1.4m Standard LaTeX file (size option)
)
\c@part=\count182
\c@section=\count183
\c@subsection=\count184
\c@subsubsection=\count185
\c@paragraph=\count186
\c@subparagraph=\count187
\c@figure=\count188
\c@table=\count189
\abovecaptionskip=\skip47
\belowcaptionskip=\skip48
\bibindent=\dimen138
)
\sa@box=\box47
)
(/usr/local/texlive/2021/texmf-dist/tex/latex/graphics/color.sty
Package: color 2020/02/24 v1.2b Standard LaTeX Color (DPC)

(/usr/local/texlive/2021/texmf-dist/tex/latex/graphics-cfg/color.cfg
File: color.cfg 2016/01/02 v1.6 sample color configuration
)
Package color Info: Driver file: pdftex.def on input line 147.

(/usr/local/texlive/2021/texmf-dist/tex/latex/graphics-def/pdftex.def
File: pdftex.def 2020/10/05 v1.2a Graphics/color driver for pdftex
))
(/usr/local/texlive/2021/texmf-dist/tex/latex/colortbl/colortbl.sty
Package: colortbl 2020/01/04 v1.0e Color table columns (DPC)

(/usr/local/texlive/2021/texmf-dist/tex/latex/tools/array.sty
Package: array 2020/10/01 v2.5c Tabular extension package (FMi)
\col@sep=\dimen139
\ar@mcellbox=\box48
\extrarowheight=\dimen140
\NC@list=\toks17
\extratabsurround=\skip49
\backup@length=\skip50
\ar@cellbox=\box49
)
\everycr=\toks18
\minrowclearance=\skip51
)
(/usr/local/texlive/2021/texmf-dist/tex/latex/varwidth/varwidth.sty
Package: varwidth 2009/03/30 ver 0.92;  Variable-width minipages
\@vwid@box=\box50
\sift@deathcycles=\count190
\@vwid@loff=\dimen141
\@vwid@roff=\dimen142
)
(/usr/local/texlive/2021/texmf-dist/tex/latex/l3backend/l3backend-pdftex.def
File: l3backend-pdftex.def 2021-03-18 L3 backend support: PDF output (pdfTeX)
\l__color_backend_stack_int=\count191
\l__pdf_internal_box=\box51
)
(./tabledoc.aux)
\openout1 = `tabledoc.aux'.

LaTeX Font Info:    Checking defaults for OML/cmm/m/it on input line 17.
LaTeX Font Info:    ... okay on input line 17.
LaTeX Font Info:    Checking defaults for OMS/cmsy/m/n on input line 17.
LaTeX Font Info:    ... okay on input line 17.
LaTeX Font Info:    Checking defaults for OT1/cmr/m/n on input line 17.
LaTeX Font Info:    ... okay on input line 17.
LaTeX Font Info:    Checking defaults for T1/cmr/m/n on input line 17.
LaTeX Font Info:    ... okay on input line 17.
LaTeX Font Info:    Checking defaults for TS1/cmr/m/n on input line 17.
LaTeX Font Info:    ... okay on input line 17.
LaTeX Font Info:    Checking defaults for OMX/cmex/m/n on input line 17.
LaTeX Font Info:    ... okay on input line 17.
LaTeX Font Info:    Checking defaults for U/cmr/m/n on input line 17.
LaTeX Font Info:    ... okay on input line 17.

(/usr/local/texlive/2021/texmf-dist/tex/context/base/mkii/supp-pdf.mkii
[Loading MPS to PDF converter (version 2006.09.02).]
\scratchcounter=\count192
\scratchdimen=\dimen143
\scratchbox=\box52
\nofMPsegments=\count193
\nofMParguments=\count194
\everyMPshowfont=\toks19
\MPscratchCnt=\count195
\MPscratchDim=\dimen144
\MPnumerator=\count196
\makeMPintoPDFobject=\count197
\everyMPtoPDFconversion=\toks20
) (./table.tex
LaTeX Font Info:    External font `cmex10' loaded for size
(Font)              <7> on input line 1.
LaTeX Font Info:    External font `cmex10' loaded for size
(Font)              <5> on input line 1.

Underfull \hbox (badness 1527) in paragraph at lines 1--1
[]\OT1/cmr/m/n/10 0|  
 []


Underfull \hbox (badness 1527) in paragraph at lines 1--1
[]\OT1/cmr/m/n/10 1|  
 []


Underfull \hbox (badness 1527) in paragraph at lines 1--1
[]\OT1/cmr/m/n/10 2|  
 []


Underfull \hbox (badness 1527) in paragraph at lines 1--1
[]\OT1/cmr/m/n/10 3|  
 []


Underfull \hbox (badness 1527) in paragraph at lines 1--1
[]\OT1/cmr/m/n/10 4|  
 []


Underfull \hbox (badness 1527) in paragraph at lines 1--1
[]\OT1/cmr/m/n/10 5|  
 []


Underfull \hbox (badness 1527) in paragraph at lines 1--1
[]\OT1/cmr/m/n/10 6|  
 []


Underfull \hbox (badness 1527) in paragraph at lines 1--1
[]\OT1/cmr/m/n/10 7|  
 []


Underfull \hbox (badness 1527) in paragraph at lines 1--1
[]\OT1/cmr/m/n/10 8|  
 []


Underfull \hbox (badness 1527) in paragraph at lines 1--1
[]\OT1/cmr/m/n/10 9|  
 []


Underfull \hbox (badness 1496) in paragraph at lines 1--1
[]\OT1/cmr/m/n/10 10|  
 []


Underfull \hbox (badness 1496) in paragraph at lines 1--1
[]\OT1/cmr/m/n/10 11|  
 []


Underfull \hbox (badness 1496) in paragraph at lines 1--1
[]\OT1/cmr/m/n/10 12|  
 []


Underfull \hbox (badness 1496) in paragraph at lines 1--1
[]\OT1/cmr/m/n/10 13|  
 []


Underfull \hbox (badness 1496) in paragraph at lines 1--2
[]\OT1/cmr/m/n/10 14|  
 []


Underfull \hbox (badness 1527) in paragraph at lines 3--3
[]$\OT1/cmr/m/n/10 0$|  
 []


Underfull \hbox (badness 1527) in paragraph at lines 3--3
[]$\OT1/cmr/m/n/10 0$|  
 []


Underfull \hbox (badness 1527) in paragraph at lines 3--3
[]$\OT1/cmr/m/n/10 0$|  
 []


Underfull \hbox (badness 1527) in paragraph at lines 3--3
[]$\OT1/cmr/m/n/10 0$|  
 []


Underfull \hbox (badness 1527) in paragraph at lines 3--3
[]$\OT1/cmr/m/n/10 0$|  
 []


Underfull \hbox (badness 1527) in paragraph at lines 3--3
[]$\OT1/cmr/m/n/10 0$|  
 []


Underfull \hbox (badness 1527) in paragraph at lines 3--3
[]$\OT1/cmr/m/n/10 0$|  
 []


Underfull \hbox (badness 1527) in paragraph at lines 3--3
[]$\OT1/cmr/m/n/10 0$|  
 []


Underfull \hbox (badness 1527) in paragraph at lines 3--3
[]$\OT1/cmr/m/n/10 0$|  
 []


Underfull \hbox (badness 1527) in paragraph at lines 3--3
[]$\OT1/cmr/m/n/10 0$|  
 []


Underfull \hbox (badness 1527) in paragraph at lines 3--3
[]$\OT1/cmr/m/n/10 0$|  
 []


Underfull \hbox (badness 1527) in paragraph at lines 3--3
[]$\OT1/cmr/m/n/10 0$|  
 []


Underfull \hbox (badness 1527) in paragraph at lines 3--3
[]$\OT1/cmr/m/n/10 0$|  
 []


Underfull \hbox (badness 1527) in paragraph at lines 3--3
[]$\OT1/cmr/m/n/10 0$|  
 []


Underfull \hbox (badness 1527) in paragraph at lines 3--4
[]$\OT1/cmr/m/n/10 0$|  
 []


Underfull \hbox (badness 1527) in paragraph at lines 5--5
[]$\OT1/cmr/m/n/10 0$|  
 []


Underfull \hbox (badness 1527) in paragraph at lines 5--5
[]$\OT1/cmr/m/n/10 0$|  
 []


Underfull \hbox (badness 1527) in paragraph at lines 5--5
[]$\OT1/cmr/m/n/10 0$|  
 []


Underfull \hbox (badness 1527) in paragraph at lines 5--5
[]$\OT1/cmr/m/n/10 0$|  
 []


Underfull \hbox (badness 1527) in paragraph at lines 5--5
[]$\OT1/cmr/m/n/10 0$|  
 []


Underfull \hbox (badness 1527) in paragraph at lines 5--5
[]$\OT1/cmr/m/n/10 0$|  
 []


Underfull \hbox (badness 1527) in paragraph at lines 5--5
[]$\OT1/cmr/m/n/10 0$|  
 []


Underfull \hbox (badness 1527) in paragraph at lines 5--5
[]$\OT1/cmr/m/n/10 0$|  
 []


Underfull \hbox (badness 1527) in paragraph at lines 5--5
[]$\OT1/cmr/m/n/10 0$|  
 []


Underfull \hbox (badness 1527) in paragraph at lines 5--5
[]$\OT1/cmr/m/n/10 0$|  
 []


Underfull \hbox (badness 1527) in paragraph at lines 5--5
[]$\OT1/cmr/m/n/10 0$|  
 []


Underfull \hbox (badness 1087) in paragraph at lines 5--5
[]$\OMS/cmsy/m/n/10 ^^@\OML/cmm/m/it/10 s[]$|  
 []


Underfull \hbox (badness 1163) in paragraph at lines 5--5
[]$\OML/cmm/m/it/10 s[]$|  
 []


Underfull \hbox (badness 1527) in paragraph at lines 7--7
[]$\OT1/cmr/m/n/10 0$|  
 []


Underfull \hbox (badness 1527) in paragraph at lines 7--7
[]$\OT1/cmr/m/n/10 0$|  
 []


Underfull \hbox (badness 1527) in paragraph at lines 7--7
[]$\OT1/cmr/m/n/10 0$|  
 []


Underfull \hbox (badness 1527) in paragraph at lines 7--7
[]$\OT1/cmr/m/n/10 0$|  
 []


Underfull \hbox (badness 1527) in paragraph at lines 7--7
[]$\OT1/cmr/m/n/10 0$|  
 []


Underfull \hbox (badness 1527) in paragraph at lines 7--7
[]$\OT1/cmr/m/n/10 0$|  
 []


Underfull \hbox (badness 1527) in paragraph at lines 7--7
[]$\OT1/cmr/m/n/10 0$|  
 []


Underfull \hbox (badness 1527) in paragraph at lines 7--7
[]$\OT1/cmr/m/n/10 0$|  
 []


Underfull \hbox (badness 1527) in paragraph at lines 7--7
[]$\OT1/cmr/m/n/10 0$|  
 []


Underfull \hbox (badness 1527) in paragraph at lines 7--7
[]$\OT1/cmr/m/n/10 0$|  
 []


Underfull \hbox (badness 1152) in paragraph at lines 7--7
[]$\OMS/cmsy/m/n/10 ^^@\OML/cmm/m/it/10 s[]$|  
 []


Underfull \hbox (badness 1527) in paragraph at lines 9--9
[]$\OT1/cmr/m/n/10 0$|  
 []


Underfull \hbox (badness 1527) in paragraph at lines 9--9
[]$\OT1/cmr/m/n/10 0$|  
 []


Underfull \hbox (badness 1527) in paragraph at lines 9--9
[]$\OT1/cmr/m/n/10 0$|  
 []


Underfull \hbox (badness 1527) in paragraph at lines 9--9
[]$\OT1/cmr/m/n/10 0$|  
 []


Underfull \hbox (badness 1527) in paragraph at lines 9--9
[]$\OT1/cmr/m/n/10 0$|  
 []


Underfull \hbox (badness 1527) in paragraph at lines 9--9
[]$\OT1/cmr/m/n/10 0$|  
 []


Underfull \hbox (badness 1527) in paragraph at lines 9--9
[]$\OT1/cmr/m/n/10 0$|  
 []


Underfull \hbox (badness 1527) in paragraph at lines 9--9
[]$\OT1/cmr/m/n/10 0$|  
 []


Underfull \hbox (badness 1231) in paragraph at lines 9--9
[]$\OML/cmm/m/it/10 s[]$|  
 []


Underfull \hbox (badness 1527) in paragraph at lines 11--11
[]$\OT1/cmr/m/n/10 0$|  
 []


Underfull \hbox (badness 1527) in paragraph at lines 11--11
[]$\OT1/cmr/m/n/10 0$|  
 []


Underfull \hbox (badness 1527) in paragraph at lines 11--11
[]$\OT1/cmr/m/n/10 0$|  
 []


Underfull \hbox (badness 1527) in paragraph at lines 11--11
[]$\OT1/cmr/m/n/10 0$|  
 []


Underfull \hbox (badness 1527) in paragraph at lines 11--11
[]$\OT1/cmr/m/n/10 0$|  
 []


Underfull \hbox (badness 1527) in paragraph at lines 11--11
[]$\OT1/cmr/m/n/10 0$|  
 []


Underfull \hbox (badness 1527) in paragraph at lines 11--11
[]$\OT1/cmr/m/n/10 0$|  
 []


Underfull \hbox (badness 1303) in paragraph at lines 11--11
[]$\OML/cmm/m/it/10 s[]$|  
 []

) [1

{/usr/local/texlive/2021/texmf-var/fonts/map/pdftex/updmap/pdftex.map}]
(./tabledoc.aux) ) 
Here is how much of TeX's memory you used:
 1626 strings out of 478994
 25803 string characters out of 5858183
 435966 words of memory out of 5000000
 19136 multiletter control sequences out of 15000+600000
 403430 words of font info for 27 fonts, out of 8000000 for 9000
 1141 hyphenation exceptions out of 8191
 68i,12n,74p,8153b,223s stack positions out of 5000i,500n,10000p,200000b,80000s
</usr/local/texlive/2021/texmf-dist/fonts/type1/public/amsfon
ts/cm/cmmi10.pfb></usr/local/texlive/2021/texmf-dist/fonts/type1/public/amsfont
s/cm/cmmi7.pfb></usr/local/texlive/2021/texmf-dist/fonts/type1/public/amsfonts/
cm/cmr10.pfb></usr/local/texlive/2021/texmf-dist/fonts/type1/public/amsfonts/cm
/cmr7.pfb></usr/local/texlive/2021/texmf-dist/fonts/type1/public/amsfonts/cm/cm
sy10.pfb>
Output written on tabledoc.pdf (1 page, 55621 bytes).
PDF statistics:
 28 PDF objects out of 1000 (max. 8388607)
 19 compressed objects within 1 object stream
 0 named destinations out of 1000 (max. 500000)
 1 words of extra memory for PDF output out of 10000 (max. 10000000)

